16:58:06.200 INFO  com.netflix.discovery.DiscoveryClient (restartedMain) [c.netflix.discovery.DiscoveryClient] -- Initializing Eureka in region us-east-1
16:58:06.211 INFO  com.netflix.discovery.shared.resolver.aws.ConfigClusterResolver (restartedMain) [c.n.d.s.r.aws.ConfigClusterResolver] -- Resolving eureka endpoints via configuration
16:58:06.249 INFO  com.netflix.discovery.DiscoveryClient (restartedMain) [c.netflix.discovery.DiscoveryClient] -- Disable delta property : false
16:58:06.250 INFO  com.netflix.discovery.DiscoveryClient (restartedMain) [c.netflix.discovery.DiscoveryClient] -- Single vip registry refresh property : null
16:58:06.250 INFO  com.netflix.discovery.DiscoveryClient (restartedMain) [c.netflix.discovery.DiscoveryClient] -- Force full registry fetch : false
16:58:06.253 INFO  com.netflix.discovery.DiscoveryClient (restartedMain) [c.netflix.discovery.DiscoveryClient] -- Application is null : false
16:58:06.253 INFO  com.netflix.discovery.DiscoveryClient (restartedMain) [c.netflix.discovery.DiscoveryClient] -- Registered Applications size is zero : true
16:58:06.253 INFO  com.netflix.discovery.DiscoveryClient (restartedMain) [c.netflix.discovery.DiscoveryClient] -- Application version is -1: true
16:58:06.254 INFO  com.netflix.discovery.DiscoveryClient (restartedMain) [c.netflix.discovery.DiscoveryClient] -- Getting all instance registry info from the eureka server
16:58:06.779 INFO  com.netflix.discovery.DiscoveryClient (restartedMain) [c.netflix.discovery.DiscoveryClient] -- The response status is 200
16:58:06.781 INFO  com.netflix.discovery.DiscoveryClient (restartedMain) [c.netflix.discovery.DiscoveryClient] -- Starting heartbeat executor: renew interval is: 30
16:58:06.784 INFO  com.netflix.discovery.InstanceInfoReplicator (restartedMain) [c.n.discovery.InstanceInfoReplicator] -- InstanceInfoReplicator onDemand update allowed rate per min is 4
16:58:06.790 INFO  com.netflix.discovery.DiscoveryClient (restartedMain) [c.netflix.discovery.DiscoveryClient] -- Discovery Client initialized at timestamp 1629113286788 with initial instances count: 0
16:58:06.792 INFO  org.springframework.cloud.netflix.eureka.serviceregistry.EurekaServiceRegistry (restartedMain) [o.s.c.n.e.s.EurekaServiceRegistry] -- Registering application DEPARTMENT-SERVICE with eureka with status UP
16:58:06.793 INFO  com.netflix.discovery.DiscoveryClient$3 (restartedMain) [c.netflix.discovery.DiscoveryClient] -- Saw local status change event StatusChangeEvent [timestamp=1629113286793, current=UP, previous=STARTING]
16:58:06.796 INFO  com.netflix.discovery.DiscoveryClient (DiscoveryClient-InstanceInfoReplicator-0) [c.netflix.discovery.DiscoveryClient] -- DiscoveryClient_DEPARTMENT-SERVICE/Brijesh:DEPARTMENT-SERVICE:9001: registering service...
16:58:06.839 INFO  org.springframework.boot.web.embedded.tomcat.TomcatWebServer (restartedMain) [o.s.b.w.e.tomcat.TomcatWebServer] -- Tomcat started on port(s): 9001 (http) with context path ''
16:58:06.841 INFO  org.springframework.cloud.netflix.eureka.serviceregistry.EurekaAutoServiceRegistration (restartedMain) [o.s.c.n.e.s.EurekaAutoServiceRegistration] -- Updating port to 9001
16:58:07.022 INFO  com.netflix.discovery.DiscoveryClient (DiscoveryClient-InstanceInfoReplicator-0) [c.netflix.discovery.DiscoveryClient] -- DiscoveryClient_DEPARTMENT-SERVICE/Brijesh:DEPARTMENT-SERVICE:9001 - registration status: 204
16:58:07.056 INFO  org.springframework.boot.StartupInfoLogger (restartedMain) [c.j.department.DepartmentApplication] -- Started DepartmentApplication in 6.671 seconds (JVM running for 7.387)
16:58:36.789 INFO  com.netflix.discovery.DiscoveryClient (DiscoveryClient-CacheRefreshExecutor-0) [c.netflix.discovery.DiscoveryClient] -- Disable delta property : false
16:58:36.789 INFO  com.netflix.discovery.DiscoveryClient (DiscoveryClient-CacheRefreshExecutor-0) [c.netflix.discovery.DiscoveryClient] -- Single vip registry refresh property : null
16:58:36.790 INFO  com.netflix.discovery.DiscoveryClient (DiscoveryClient-CacheRefreshExecutor-0) [c.netflix.discovery.DiscoveryClient] -- Force full registry fetch : false
16:58:36.790 INFO  com.netflix.discovery.DiscoveryClient (DiscoveryClient-CacheRefreshExecutor-0) [c.netflix.discovery.DiscoveryClient] -- Application is null : false
16:58:36.791 INFO  com.netflix.discovery.DiscoveryClient (DiscoveryClient-CacheRefreshExecutor-0) [c.netflix.discovery.DiscoveryClient] -- Registered Applications size is zero : true
16:58:36.791 INFO  com.netflix.discovery.DiscoveryClient (DiscoveryClient-CacheRefreshExecutor-0) [c.netflix.discovery.DiscoveryClient] -- Application version is -1: false
16:58:36.791 INFO  com.netflix.discovery.DiscoveryClient (DiscoveryClient-CacheRefreshExecutor-0) [c.netflix.discovery.DiscoveryClient] -- Getting all instance registry info from the eureka server
16:58:36.823 INFO  com.netflix.discovery.DiscoveryClient (DiscoveryClient-CacheRefreshExecutor-0) [c.netflix.discovery.DiscoveryClient] -- The response status is 200
17:03:06.267 INFO  com.netflix.discovery.shared.resolver.aws.ConfigClusterResolver (AsyncResolver-bootstrap-executor-0) [c.n.d.s.r.aws.ConfigClusterResolver] -- Resolving eureka endpoints via configuration
